t=103938499516677, name=main, tid=212193, pid=212193, ip=556687f760c0, params=[1, 140735742720008, 140735742720024, 140361039124096, 140361039130592, 0]
t=103938499523057, name=get_time_in_seconds, tid=212193, pid=212193, ip=556687f762c0, params=[140361035350032, 0, 1638402, 4352, 140735742719236, 0]
t=103938499532517, name=get_time_in_seconds, tid=212193, pid=212193, ip=556687f76314, ret=0
t=103938499533517, name=draw_mandelbrot, tid=212193, pid=212193, ip=556687f76390, params=[140735742719664, 853, 480, 1, 207707312, 0]
t=103938524084109, name=draw_mandelbrot, tid=212193, pid=212193, ip=556687f76534, ret=140361035350032
t=103938524086209, name=get_time_in_seconds, tid=212193, pid=212193, ip=556687f762c0, params=[140361042728832, 1, 1637756, 255, 207707312, 0]
t=103938524088139, name=get_time_in_seconds, tid=212193, pid=212193, ip=556687f76314, ret=0
t=103938524107539, name=get_time_in_seconds, tid=212193, pid=212193, ip=556687f762c0, params=[140735742719168, 93899259109392, 0, 0, 0, 0]
t=103938524108759, name=get_time_in_seconds, tid=212193, pid=212193, ip=556687f76314, ret=0
t=103938524109539, name=draw_mandelbrot, tid=212193, pid=212193, ip=556687f76390, params=[140735742719664, 853, 480, 1, 207707362, 0]
t=103938550636950, name=draw_mandelbrot, tid=212193, pid=212193, ip=556687f76534, ret=140361035350032
t=103938550638870, name=get_time_in_seconds, tid=212193, pid=212193, ip=556687f762c0, params=[140361042728832, 1, 1637756, 255, 207707362, 0]
t=103938550640370, name=get_time_in_seconds, tid=212193, pid=212193, ip=556687f76314, ret=0
t=103938550644920, name=get_time_in_seconds, tid=212193, pid=212193, ip=556687f762c0, params=[140735742719168, 1024, 0, 0, 0, 0]
t=103938550646170, name=get_time_in_seconds, tid=212193, pid=212193, ip=556687f76314, ret=0
t=103938550646820, name=draw_mandelbrot, tid=212193, pid=212193, ip=556687f76390, params=[140735742719664, 853, 480, 1, 207707414, 0]
t=103938579431871, name=draw_mandelbrot, tid=212193, pid=212193, ip=556687f76534, ret=140361035350032
t=103938579433741, name=get_time_in_seconds, tid=212193, pid=212193, ip=556687f762c0, params=[140361042728832, 2, 1637756, 255, 207707414, 0]
t=103938579435681, name=get_time_in_seconds, tid=212193, pid=212193, ip=556687f76314, ret=0
t=103938579441241, name=get_time_in_seconds, tid=212193, pid=212193, ip=556687f762c0, params=[140735742719168, 1024, 0, 0, 0, 0]
t=103938579442481, name=get_time_in_seconds, tid=212193, pid=212193, ip=556687f76314, ret=0
t=103938579443261, name=draw_mandelbrot, tid=212193, pid=212193, ip=556687f76390, params=[140735742719664, 853, 480, 1, 207707472, 0]
t=103938610495550, name=draw_mandelbrot, tid=212193, pid=212193, ip=556687f76534, ret=140361035350032
t=103938610497020, name=get_time_in_seconds, tid=212193, pid=212193, ip=556687f762c0, params=[140361042728832, 2, 1637756, 255, 207707472, 0]
t=103938610498800, name=get_time_in_seconds, tid=212193, pid=212193, ip=556687f76314, ret=0
t=103938610502550, name=get_time_in_seconds, tid=212193, pid=212193, ip=556687f762c0, params=[140735742719168, 1024, 0, 0, 0, 0]
t=103938610503790, name=get_time_in_seconds, tid=212193, pid=212193, ip=556687f76314, ret=0
t=103938610504590, name=draw_mandelbrot, tid=212193, pid=212193, ip=556687f76390, params=[140735742719664, 853, 480, 1, 207707534, 0]
t=103938643937110, name=draw_mandelbrot, tid=212193, pid=212193, ip=556687f76534, ret=140361035350032
t=103938643938640, name=get_time_in_seconds, tid=212193, pid=212193, ip=556687f762c0, params=[140361042728832, 2, 1637756, 255, 207707534, 0]
t=103938643940490, name=get_time_in_seconds, tid=212193, pid=212193, ip=556687f76314, ret=0
t=103938643944540, name=get_time_in_seconds, tid=212193, pid=212193, ip=556687f762c0, params=[140735742719168, 1024, 0, 0, 0, 0]
t=103938643945780, name=get_time_in_seconds, tid=212193, pid=212193, ip=556687f76314, ret=0
t=103938643946560, name=draw_mandelbrot, tid=212193, pid=212193, ip=556687f76390, params=[140735742719664, 853, 480, 1, 207707600, 0]
t=103938679828610, name=draw_mandelbrot, tid=212193, pid=212193, ip=556687f76534, ret=140361035350032
t=103938679830100, name=get_time_in_seconds, tid=212193, pid=212193, ip=556687f762c0, params=[140361042728832, 3, 1637756, 255, 207707600, 0]
t=103938679831750, name=get_time_in_seconds, tid=212193, pid=212193, ip=556687f76314, ret=0
t=103938679835430, name=get_time_in_seconds, tid=212193, pid=212193, ip=556687f762c0, params=[140735742719168, 1024, 0, 0, 0, 0]
t=103938679836660, name=get_time_in_seconds, tid=212193, pid=212193, ip=556687f76314, ret=0
t=103938679837450, name=draw_mandelbrot, tid=212193, pid=212193, ip=556687f76390, params=[140735742719664, 853, 480, 1, 207707672, 0]
t=103938718153480, name=draw_mandelbrot, tid=212193, pid=212193, ip=556687f76534, ret=140361035350032
t=103938718155370, name=get_time_in_seconds, tid=212193, pid=212193, ip=556687f762c0, params=[140361042728832, 3, 1637756, 255, 207707672, 0]
t=103938718157160, name=get_time_in_seconds, tid=212193, pid=212193, ip=556687f76314, ret=0
t=103938718162110, name=get_time_in_seconds, tid=212193, pid=212193, ip=556687f762c0, params=[140735742719168, 1024, 0, 0, 0, 0]
t=103938718163340, name=get_time_in_seconds, tid=212193, pid=212193, ip=556687f76314, ret=0
t=103938718164130, name=draw_mandelbrot, tid=212193, pid=212193, ip=556687f76390, params=[140735742719664, 853, 480, 1, 207707750, 0]
t=103938758706000, name=draw_mandelbrot, tid=212193, pid=212193, ip=556687f76534, ret=140361035350032
t=103938758707660, name=get_time_in_seconds, tid=212193, pid=212193, ip=556687f762c0, params=[140361042728832, 3, 1637756, 255, 207707750, 0]
t=103938758709240, name=get_time_in_seconds, tid=212193, pid=212193, ip=556687f76314, ret=0
t=103938758713210, name=get_time_in_seconds, tid=212193, pid=212193, ip=556687f762c0, params=[140735742719168, 1024, 0, 0, 0, 0]
t=103938758714440, name=get_time_in_seconds, tid=212193, pid=212193, ip=556687f76314, ret=0
t=103938758715460, name=draw_mandelbrot, tid=212193, pid=212193, ip=556687f76390, params=[140735742719664, 853, 480, 1, 207707830, 0]
t=103938801480638, name=draw_mandelbrot, tid=212193, pid=212193, ip=556687f76534, ret=140361035350032
t=103938801482098, name=get_time_in_seconds, tid=212193, pid=212193, ip=556687f762c0, params=[140361042728832, 3, 1637756, 255, 207707830, 0]
t=103938801483778, name=get_time_in_seconds, tid=212193, pid=212193, ip=556687f76314, ret=0
t=103938801487858, name=get_time_in_seconds, tid=212193, pid=212193, ip=556687f762c0, params=[140735742719168, 1024, 0, 0, 0, 0]
t=103938801489088, name=get_time_in_seconds, tid=212193, pid=212193, ip=556687f76314, ret=0
t=103938801489908, name=draw_mandelbrot, tid=212193, pid=212193, ip=556687f76390, params=[140735742719664, 853, 480, 1, 207707916, 0]
t=103938846413146, name=draw_mandelbrot, tid=212193, pid=212193, ip=556687f76534, ret=140361035350032
t=103938846414756, name=get_time_in_seconds, tid=212193, pid=212193, ip=556687f762c0, params=[140361042728832, 5, 1637756, 255, 207707916, 0]
t=103938846416796, name=get_time_in_seconds, tid=212193, pid=212193, ip=556687f76314, ret=0
t=103938846421206, name=get_time_in_seconds, tid=212193, pid=212193, ip=556687f762c0, params=[140735742719168, 1024, 0, 0, 0, 0]
t=103938846422456, name=get_time_in_seconds, tid=212193, pid=212193, ip=556687f76314, ret=0
t=103938846423226, name=draw_mandelbrot, tid=212193, pid=212193, ip=556687f76390, params=[140735742719664, 853, 480, 1, 207708006, 0]
t=103938893460413, name=draw_mandelbrot, tid=212193, pid=212193, ip=556687f76534, ret=140361035350032
t=103938893461963, name=get_time_in_seconds, tid=212193, pid=212193, ip=556687f762c0, params=[140361042728832, 5, 1637756, 255, 207708006, 0]
t=103938893464013, name=get_time_in_seconds, tid=212193, pid=212193, ip=556687f76314, ret=0
t=103938893468433, name=get_time_in_seconds, tid=212193, pid=212193, ip=556687f762c0, params=[140735742719168, 1024, 0, 0, 0, 0]
t=103938893469633, name=get_time_in_seconds, tid=212193, pid=212193, ip=556687f76314, ret=0
t=103938893470623, name=draw_mandelbrot, tid=212193, pid=212193, ip=556687f76390, params=[140735742719664, 853, 480, 1, 207708100, 0]
t=103938942615718, name=draw_mandelbrot, tid=212193, pid=212193, ip=556687f76534, ret=140361035350032
t=103938942617338, name=get_time_in_seconds, tid=212193, pid=212193, ip=556687f762c0, params=[140361042728832, 6, 1637756, 255, 207708100, 0]
t=103938942619188, name=get_time_in_seconds, tid=212193, pid=212193, ip=556687f76314, ret=0
t=103938942623698, name=get_time_in_seconds, tid=212193, pid=212193, ip=556687f762c0, params=[140735742719168, 1024, 0, 0, 0, 0]
t=103938942624928, name=get_time_in_seconds, tid=212193, pid=212193, ip=556687f76314, ret=0
t=103938942625638, name=draw_mandelbrot, tid=212193, pid=212193, ip=556687f76390, params=[140735742719664, 853, 480, 1, 207708198, 0]
t=103938993794592, name=draw_mandelbrot, tid=212193, pid=212193, ip=556687f76534, ret=140361035350032
t=103938993796292, name=get_time_in_seconds, tid=212193, pid=212193, ip=556687f762c0, params=[140361042728832, 6, 1637756, 255, 207708198, 0]
t=103938993798022, name=get_time_in_seconds, tid=212193, pid=212193, ip=556687f76314, ret=0
t=103938993802162, name=get_time_in_seconds, tid=212193, pid=212193, ip=556687f762c0, params=[140735742719168, 1024, 0, 0, 0, 0]
t=103938993803392, name=get_time_in_seconds, tid=212193, pid=212193, ip=556687f76314, ret=0
t=103938993804042, name=draw_mandelbrot, tid=212193, pid=212193, ip=556687f76390, params=[140735742719664, 853, 480, 1, 207708300, 0]
t=103939046905004, name=draw_mandelbrot, tid=212193, pid=212193, ip=556687f76534, ret=140361035350032
t=103939046907454, name=get_time_in_seconds, tid=212193, pid=212193, ip=556687f762c0, params=[140361042728832, 7, 1637756, 255, 207708300, 0]
t=103939046910284, name=get_time_in_seconds, tid=212193, pid=212193, ip=556687f76314, ret=0
t=103939046918174, name=get_time_in_seconds, tid=212193, pid=212193, ip=556687f762c0, params=[140735742719168, 1024, 0, 0, 0, 0]
t=103939046919494, name=get_time_in_seconds, tid=212193, pid=212193, ip=556687f76314, ret=0
t=103939046920484, name=draw_mandelbrot, tid=212193, pid=212193, ip=556687f76390, params=[140735742719664, 853, 480, 1, 207708406, 0]
t=103939101720123, name=draw_mandelbrot, tid=212193, pid=212193, ip=556687f76534, ret=140361035350032
t=103939101721573, name=get_time_in_seconds, tid=212193, pid=212193, ip=556687f762c0, params=[140361042728832, 7, 1637756, 255, 207708406, 0]
t=103939101723173, name=get_time_in_seconds, tid=212193, pid=212193, ip=556687f76314, ret=0
t=103939101726923, name=get_time_in_seconds, tid=212193, pid=212193, ip=556687f762c0, params=[140735742719168, 1024, 0, 0, 0, 0]
t=103939101728163, name=get_time_in_seconds, tid=212193, pid=212193, ip=556687f76314, ret=0
t=103939101729263, name=draw_mandelbrot, tid=212193, pid=212193, ip=556687f76390, params=[140735742719664, 853, 480, 1, 207708516, 0]
t=103939157961528, name=draw_mandelbrot, tid=212193, pid=212193, ip=556687f76534, ret=140361035350032
t=103939157962958, name=get_time_in_seconds, tid=212193, pid=212193, ip=556687f762c0, params=[140361042728832, 10, 1637756, 255, 207708516, 0]
t=103939157964428, name=get_time_in_seconds, tid=212193, pid=212193, ip=556687f76314, ret=0
t=103939157967448, name=get_time_in_seconds, tid=212193, pid=212193, ip=556687f762c0, params=[140735742719168, 1024, 0, 0, 0, 0]
t=103939157968678, name=get_time_in_seconds, tid=212193, pid=212193, ip=556687f76314, ret=0
t=103939157969388, name=draw_mandelbrot, tid=212193, pid=212193, ip=556687f76390, params=[140735742719664, 853, 480, 1, 207708628, 0]
t=103939215344127, name=draw_mandelbrot, tid=212193, pid=212193, ip=556687f76534, ret=140361035350032
t=103939215345477, name=get_time_in_seconds, tid=212193, pid=212193, ip=556687f762c0, params=[140361042728832, 33, 1637756, 255, 207708628, 0]
t=103939215346857, name=get_time_in_seconds, tid=212193, pid=212193, ip=556687f76314, ret=0
t=103939215349937, name=get_time_in_seconds, tid=212193, pid=212193, ip=556687f762c0, params=[140735742719168, 1024, 0, 0, 0, 0]
t=103939215351147, name=get_time_in_seconds, tid=212193, pid=212193, ip=556687f76314, ret=0
t=103939215351787, name=draw_mandelbrot, tid=212193, pid=212193, ip=556687f76390, params=[140735742719664, 853, 480, 1, 207708744, 0]
t=103939273886142, name=draw_mandelbrot, tid=212193, pid=212193, ip=556687f76534, ret=140361035350032
t=103939273887472, name=get_time_in_seconds, tid=212193, pid=212193, ip=556687f762c0, params=[140361042728832, 16, 1637756, 255, 207708744, 0]
t=103939273888932, name=get_time_in_seconds, tid=212193, pid=212193, ip=556687f76314, ret=0
t=103939273892772, name=get_time_in_seconds, tid=212193, pid=212193, ip=556687f762c0, params=[140735742719168, 1024, 0, 0, 0, 0]
t=103939273893992, name=get_time_in_seconds, tid=212193, pid=212193, ip=556687f76314, ret=0
t=103939273894702, name=draw_mandelbrot, tid=212193, pid=212193, ip=556687f76390, params=[140735742719664, 853, 480, 1, 207708860, 0]
t=103939333442551, name=draw_mandelbrot, tid=212193, pid=212193, ip=556687f76534, ret=140361035350032
t=103939333443761, name=get_time_in_seconds, tid=212193, pid=212193, ip=556687f762c0, params=[140361042728832, 38, 1637756, 255, 207708860, 0]
t=103939333445121, name=get_time_in_seconds, tid=212193, pid=212193, ip=556687f76314, ret=0
t=103939333447641, name=get_time_in_seconds, tid=212193, pid=212193, ip=556687f762c0, params=[140735742719168, 1024, 0, 0, 0, 0]
t=103939333448911, name=get_time_in_seconds, tid=212193, pid=212193, ip=556687f76314, ret=0
t=103939333449551, name=draw_mandelbrot, tid=212193, pid=212193, ip=556687f76390, params=[140735742719664, 853, 480, 1, 207708980, 0]
t=103939393829763, name=draw_mandelbrot, tid=212193, pid=212193, ip=556687f76534, ret=140361035350032
t=103939393830573, name=get_time_in_seconds, tid=212193, pid=212193, ip=556687f762c0, params=[140361042728832, 27, 1637756, 255, 207708980, 0]
t=103939393831843, name=get_time_in_seconds, tid=212193, pid=212193, ip=556687f76314, ret=0
t=103939393892134, name=main, tid=212193, pid=212193, ip=556687f761a0, ret=0
